<?xml version="1.0" encoding="UTF-8"?>
<!-- Generated by org.testng.reporters.JUnitReportReporter -->
<testsuite hostname="DESKTOP-MURDGNT" failures="1" tests="1" name="utils.FailedRun" time="9.302" errors="0" timestamp="2023-09-13T14:08:46 IST" skipped="0">
  <testcase classname="utils.FailedRun" name="runScenario" time="9.302">
    <failure message="expected [Firstcry Store in Chennai Medavakkam] but found []" type="java.lang.AssertionError">
      <![CDATA[java.lang.AssertionError: expected [Firstcry Store in Chennai Medavakkam] but found []
at org.testng.Assert.fail(Assert.java:99)
at org.testng.Assert.failNotEquals(Assert.java:1037)
at org.testng.Assert.assertEqualsImpl(Assert.java:140)
at org.testng.Assert.assertEquals(Assert.java:122)
at org.testng.Assert.assertEquals(Assert.java:629)
at org.testng.Assert.assertEquals(Assert.java:639)
at com.firstcry.testscripts.FindStoreSteps.he_must_able_to_see_the_search_store_result(FindStoreSteps.java:70)
at âœ½.he must able to see the Search store result(file:///C:/Users/ARUN/FinalProject/com.firstcry/features/FindStore.feature:10)
]]>
    </failure>
  </testcase> <!-- runScenario -->
  <system-out/>
</testsuite> <!-- utils.FailedRun -->
